[debug] [2020-09-08T14:50:56.246Z] ----------------------------------------------------------------------
[debug] [2020-09-08T14:50:56.249Z] Command:       C:\Program Files\nodejs\node.exe C:\Users\Dheeraj\AppData\Roaming\npm\node_modules\firebase-tools\lib\bin\firebase.js init
[debug] [2020-09-08T14:50:56.250Z] CLI Version:   7.12.1
[debug] [2020-09-08T14:50:56.250Z] Platform:      win32
[debug] [2020-09-08T14:50:56.250Z] Node Version:  v12.15.0
[debug] [2020-09-08T14:50:56.251Z] Time:          Tue Sep 08 2020 20:20:56 GMT+0530 (India Standard Time)
[debug] [2020-09-08T14:50:56.251Z] ----------------------------------------------------------------------
[debug] [2020-09-08T14:50:56.251Z] 
[debug] [2020-09-08T14:50:56.262Z] > command requires scopes: ["email","openid","https://www.googleapis.com/auth/cloudplatformprojects.readonly","https://www.googleapis.com/auth/firebase","https://www.googleapis.com/auth/cloud-platform"]
[debug] [2020-09-08T14:50:56.263Z] > authorizing via signed-in user
[info] 
     ######## #### ########  ######## ########     ###     ######  ########
     ##        ##  ##     ## ##       ##     ##  ##   ##  ##       ##
     ######    ##  ########  ######   ########  #########  ######  ######
     ##        ##  ##    ##  ##       ##     ## ##     ##       ## ##
     ##       #### ##     ## ######## ########  ##     ##  ######  ########

You're about to initialize a Firebase project in this directory:

  D:\dheeraj\projects\SKC\SKC_Website_Changes\SKCPremiumApp\SmartKidzClub.app

[info] 
=== Project Setup
[info] 
[info] First, let's associate this project directory with a Firebase project.
[info] You can create multiple project aliases by running firebase use --add, 
[info] but for now we'll just set up a default project.
[info] 
[debug] [2020-09-08T14:51:03.410Z] >>> HTTP REQUEST GET https://firebase.googleapis.com/v1beta1/projects?pageSize=100  
 
[debug] [2020-09-08T14:51:04.623Z] <<< HTTP RESPONSE 200
[info] i  Using project smartkidzclub-6f399 (SmartKidzClubPremiumApp)
[info] 
=== Hosting Setup
[info] 
[info] Your public directory is the folder (relative to your project directory) that
[info] will contain Hosting assets to be uploaded with firebase deploy. If you
[info] have a build process for your assets, use your build's output directory.
[info] 
[debug] [2020-09-08T14:51:34.467Z] >>> HTTP REQUEST GET https://www.gstatic.com/firebasejs/releases.json  
 
[debug] [2020-09-08T14:51:35.683Z] Error: unable to verify the first certificate
    at TLSSocket.onConnectSecure (_tls_wrap.js:1321:34)
    at TLSSocket.emit (events.js:223:5)
    at TLSSocket.EventEmitter.emit (domain.js:475:20)
    at TLSSocket._finishInit (_tls_wrap.js:794:8)
    at TLSWrap.ssl.onhandshakedone (_tls_wrap.js:608:12)
[error] 
[error] Error: Server Error. unable to verify the first certificate
